  main.cpp
C:\Users\Sergey\source\repos\mp-lab6-text\headers\TMem.h(5,7): error C2143: синтаксическая ошибка: отсутствие ";" перед "*"
C:\Users\Sergey\source\repos\mp-lab6-text\headers\TMem.h(5,7): error C4430: отсутствует спецификатор типа - предполагается int. Примечание. C++ не поддерживает int по умолчанию
C:\Users\Sergey\source\repos\mp-lab6-text\headers\TMem.h(5,33): error C2238: непредвиденные лексемы перед ";"
C:\Users\Sergey\source\repos\mp-lab6-text\headers\TNode.h(63,23): error C2061: синтаксическая ошибка: идентификатор "TText"
C:\Users\Sergey\source\repos\mp-lab6-text\headers\TNode.h(32,23): error C2039: "pFree": не является членом "TMem".
C:\Users\Sergey\source\repos\mp-lab6-text\headers\TMem.h(4): message : см. объявление "TMem"
C:\Users\Sergey\source\repos\mp-lab6-text\headers\TNode.h(33,11): error C2039: "pFree": не является членом "TMem".
C:\Users\Sergey\source\repos\mp-lab6-text\headers\TMem.h(4): message : см. объявление "TMem"
C:\Users\Sergey\source\repos\mp-lab6-text\headers\TNode.h(34,8): error C2039: "pFree": не является членом "TMem".
C:\Users\Sergey\source\repos\mp-lab6-text\headers\TMem.h(4): message : см. объявление "TMem"
C:\Users\Sergey\source\repos\mp-lab6-text\headers\TNode.h(34,20): error C2039: "pFree": не является членом "TMem".
C:\Users\Sergey\source\repos\mp-lab6-text\headers\TMem.h(4): message : см. объявление "TMem"
C:\Users\Sergey\source\repos\mp-lab6-text\headers\TNode.h(42,27): error C2039: "pFree": не является членом "TMem".
C:\Users\Sergey\source\repos\mp-lab6-text\headers\TMem.h(4): message : см. объявление "TMem"
C:\Users\Sergey\source\repos\mp-lab6-text\headers\TNode.h(43,8): error C2039: "pFree": не является членом "TMem".
C:\Users\Sergey\source\repos\mp-lab6-text\headers\TMem.h(4): message : см. объявление "TMem"
C:\Users\Sergey\source\repos\mp-lab6-text\headers\TNode.h(44,8): error C2039: "pFree": не является членом "TMem".
C:\Users\Sergey\source\repos\mp-lab6-text\headers\TMem.h(4): message : см. объявление "TMem"
C:\Users\Sergey\source\repos\mp-lab6-text\headers\TNode.h(49,7): error C2039: "pFirst": не является членом "TMem".
C:\Users\Sergey\source\repos\mp-lab6-text\headers\TMem.h(4): message : см. объявление "TMem"
C:\Users\Sergey\source\repos\mp-lab6-text\headers\TNode.h(50,7): error C2039: "pFree": не является членом "TMem".
C:\Users\Sergey\source\repos\mp-lab6-text\headers\TMem.h(4): message : см. объявление "TMem"
C:\Users\Sergey\source\repos\mp-lab6-text\headers\TNode.h(50,19): error C2039: "pFirst": не является членом "TMem".
C:\Users\Sergey\source\repos\mp-lab6-text\headers\TMem.h(4): message : см. объявление "TMem"
C:\Users\Sergey\source\repos\mp-lab6-text\headers\TNode.h(53,11): error C2039: "pFirst": не является членом "TMem".
C:\Users\Sergey\source\repos\mp-lab6-text\headers\TMem.h(4): message : см. объявление "TMem"
C:\Users\Sergey\source\repos\mp-lab6-text\headers\TNode.h(60,7): error C2039: "pLast": не является членом "TMem".
C:\Users\Sergey\source\repos\mp-lab6-text\headers\TMem.h(4): message : см. объявление "TMem"
C:\Users\Sergey\source\repos\mp-lab6-text\headers\TNode.h(64,18): error C2039: "pFree": не является членом "TMem".
C:\Users\Sergey\source\repos\mp-lab6-text\headers\TMem.h(4): message : см. объявление "TMem"
C:\Users\Sergey\source\repos\mp-lab6-text\headers\TNode.h(70,8): error C2065: txt: необъявленный идентификатор
C:\Users\Sergey\source\repos\mp-lab6-text\headers\TNode.h(70,22): error C2065: txt: необъявленный идентификатор
C:\Users\Sergey\source\repos\mp-lab6-text\headers\TNode.h(70,35): error C2065: txt: необъявленный идентификатор
C:\Users\Sergey\source\repos\mp-lab6-text\headers\TNode.h(71,4): error C2065: txt: необъявленный идентификатор
C:\Users\Sergey\source\repos\mp-lab6-text\headers\TNode.h(74,11): error C2039: "pFirst": не является членом "TMem".
C:\Users\Sergey\source\repos\mp-lab6-text\headers\TMem.h(4): message : см. объявление "TMem"
C:\Users\Sergey\source\repos\mp-lab6-text\headers\TNode.h(75,19): error C2039: "pLast": не является членом "TMem".
C:\Users\Sergey\source\repos\mp-lab6-text\headers\TMem.h(4): message : см. объявление "TMem"
C:\Users\Sergey\source\repos\mp-lab6-text\main.cpp(5,13): warning C4326: возвращаемый тип "main" должен быть "int", а не "void"
